# JRE version: Java(TM) SE Runtime Environment (8.0_144-b01) (build 1.8.0_144-b01)
# Java VM: Java HotSpot(TM) 64-Bit Server VM (25.144-b01 mixed mode windows-amd64 compressed oops)
Heap:
 PSYoungGen      total 41472K, used 27441K [0x00000000e6100000, 0x00000000e9080000, 0x0000000100000000)
  eden space 34304K, 73% used [0x00000000e6100000,0x00000000e79a6180,0x00000000e8280000)
  from space 7168K, 30% used [0x00000000e8980000,0x00000000e8ba6288,0x00000000e9080000)
  to   space 7168K, 0% used [0x00000000e8280000,0x00000000e8280000,0x00000000e8980000)
 ParOldGen       total 37888K, used 7606K [0x00000000b2200000, 0x00000000b4700000, 0x00000000e6100000)
  object space 37888K, 20% used [0x00000000b2200000,0x00000000b296dbb0,0x00000000b4700000)
 Metaspace       used 28119K, capacity 28386K, committed 28544K, reserved 1075200K
  class space    used 3617K, capacity 3705K, committed 3712K, reserved 1048576K
GC Heap History (10 events):
Event: 21.908 GC heap before
{Heap before GC invocations=5 (full 0):
 PSYoungGen      total 23552K, used 23545K [0x00000000e6100000, 0x00000000e8f00000, 0x0000000100000000)
  eden space 20480K, 100% used [0x00000000e6100000,0x00000000e7500000,0x00000000e7500000)
  from space 3072K, 99% used [0x00000000e7800000,0x00000000e7afe5e0,0x00000000e7b00000)
  to   space 3072K, 0% used [0x00000000e7500000,0x00000000e7500000,0x00000000e7800000)
 ParOldGen       total 53248K, used 3075K [0x00000000b2200000, 0x00000000b5600000, 0x00000000e6100000)
  object space 53248K, 5% used [0x00000000b2200000,0x00000000b2500c50,0x00000000b5600000)
 Metaspace       used 19575K, capacity 19696K, committed 19968K, reserved 1067008K
  class space    used 2467K, capacity 2525K, committed 2560K, reserved 1048576K
Event: 21.924 GC heap after
Heap after GC invocations=5 (full 0):
 PSYoungGen      total 23552K, used 3047K [0x00000000e6100000, 0x00000000e8300000, 0x0000000100000000)
  eden space 20480K, 0% used [0x00000000e6100000,0x00000000e6100000,0x00000000e7500000)
  from space 3072K, 99% used [0x00000000e7500000,0x00000000e77f9e00,0x00000000e7800000)
  to   space 7168K, 0% used [0x00000000e7c00000,0x00000000e7c00000,0x00000000e8300000)
 ParOldGen       total 53248K, used 6292K [0x00000000b2200000, 0x00000000b5600000, 0x00000000e6100000)
  object space 53248K, 11% used [0x00000000b2200000,0x00000000b2825268,0x00000000b5600000)
 Metaspace       used 19575K, capacity 19696K, committed 19968K, reserved 1067008K
  class space    used 2467K, capacity 2525K, committed 2560K, reserved 1048576K
}
Event: 23.010 GC heap before
{Heap before GC invocations=6 (full 0):
 PSYoungGen      total 23552K, used 18805K [0x00000000e6100000, 0x00000000e8300000, 0x0000000100000000)
  eden space 20480K, 76% used [0x00000000e6100000,0x00000000e70636f0,0x00000000e7500000)
  from space 3072K, 99% used [0x00000000e7500000,0x00000000e77f9e00,0x00000000e7800000)
  to   space 7168K, 0% used [0x00000000e7c00000,0x00000000e7c00000,0x00000000e8300000)
 ParOldGen       total 53248K, used 6292K [0x00000000b2200000, 0x00000000b5600000, 0x00000000e6100000)
  object space 53248K, 11% used [0x00000000b2200000,0x00000000b2825268,0x00000000b5600000)
 Metaspace       used 21028K, capacity 21108K, committed 21248K, reserved 1067008K
  class space    used 2685K, capacity 2717K, committed 2816K, reserved 1048576K
Event: 23.027 GC heap after
Heap after GC invocations=6 (full 0):
 PSYoungGen      total 27648K, used 4564K [0x00000000e6100000, 0x00000000e9700000, 0x0000000100000000)
  eden space 20480K, 0% used [0x00000000e6100000,0x00000000e6100000,0x00000000e7500000)
  from space 7168K, 63% used [0x00000000e7c00000,0x00000000e8075250,0x00000000e8300000)
  to   space 7168K, 0% used [0x00000000e7500000,0x00000000e7500000,0x00000000e7c00000)
 ParOldGen       total 53248K, used 6300K [0x00000000b2200000, 0x00000000b5600000, 0x00000000e6100000)
  object space 53248K, 11% used [0x00000000b2200000,0x00000000b2827268,0x00000000b5600000)
 Metaspace       used 21028K, capacity 21108K, committed 21248K, reserved 1067008K
  class space    used 2685K, capacity 2717K, committed 2816K, reserved 1048576K
}
Event: 23.027 GC heap before
{Heap before GC invocations=7 (full 1):
 PSYoungGen      total 27648K, used 4564K [0x00000000e6100000, 0x00000000e9700000, 0x0000000100000000)
  eden space 20480K, 0% used [0x00000000e6100000,0x00000000e6100000,0x00000000e7500000)
  from space 7168K, 63% used [0x00000000e7c00000,0x00000000e8075250,0x00000000e8300000)
  to   space 7168K, 0% used [0x00000000e7500000,0x00000000e7500000,0x00000000e7c00000)
 ParOldGen       total 53248K, used 6300K [0x00000000b2200000, 0x00000000b5600000, 0x00000000e6100000)
  object space 53248K, 11% used [0x00000000b2200000,0x00000000b2827268,0x00000000b5600000)
 Metaspace       used 21028K, capacity 21108K, committed 21248K, reserved 1067008K
  class space    used 2685K, capacity 2717K, committed 2816K, reserved 1048576K
Event: 23.118 GC heap after
Heap after GC invocations=7 (full 1):
 PSYoungGen      total 27648K, used 0K [0x00000000e6100000, 0x00000000e9700000, 0x0000000100000000)
  eden space 20480K, 0% used [0x00000000e6100000,0x00000000e6100000,0x00000000e7500000)
  from space 7168K, 0% used [0x00000000e7c00000,0x00000000e7c00000,0x00000000e8300000)
  to   space 7168K, 0% used [0x00000000e7500000,0x00000000e7500000,0x00000000e7c00000)
 ParOldGen       total 37888K, used 7590K [0x00000000b2200000, 0x00000000b4700000, 0x00000000e6100000)
  object space 37888K, 20% used [0x00000000b2200000,0x00000000b2969bb0,0x00000000b4700000)
 Metaspace       used 21028K, capacity 21108K, committed 21248K, reserved 1067008K
  class space    used 2685K, capacity 2717K, committed 2816K, reserved 1048576K
}
Event: 24.385 GC heap before
{Heap before GC invocations=8 (full 1):
 PSYoungGen      total 27648K, used 20480K [0x00000000e6100000, 0x00000000e9700000, 0x0000000100000000)
  eden space 20480K, 100% used [0x00000000e6100000,0x00000000e7500000,0x00000000e7500000)
  from space 7168K, 0% used [0x00000000e7c00000,0x00000000e7c00000,0x00000000e8300000)
  to   space 7168K, 0% used [0x00000000e7500000,0x00000000e7500000,0x00000000e7c00000)
 ParOldGen       total 37888K, used 7590K [0x00000000b2200000, 0x00000000b4700000, 0x00000000e6100000)
  object space 37888K, 20% used [0x00000000b2200000,0x00000000b2969bb0,0x00000000b4700000)
 Metaspace       used 23460K, capacity 23600K, committed 23808K, reserved 1071104K
  class space    used 2990K, capacity 3035K, committed 3072K, reserved 1048576K
Event: 24.391 GC heap after
Heap after GC invocations=8 (full 1):
 PSYoungGen      total 27648K, used 2082K [0x00000000e6100000, 0x00000000e9080000, 0x0000000100000000)
  eden space 20480K, 0% used [0x00000000e6100000,0x00000000e6100000,0x00000000e7500000)
  from space 7168K, 29% used [0x00000000e7500000,0x00000000e7708a30,0x00000000e7c00000)
  to   space 7168K, 0% used [0x00000000e8980000,0x00000000e8980000,0x00000000e9080000)
 ParOldGen       total 37888K, used 7598K [0x00000000b2200000, 0x00000000b4700000, 0x00000000e6100000)
  object space 37888K, 20% used [0x00000000b2200000,0x00000000b296bbb0,0x00000000b4700000)
 Metaspace       used 23460K, capacity 23600K, committed 23808K, reserved 1071104K
  class space    used 2990K, capacity 3035K, committed 3072K, reserved 1048576K
}
Event: 28.414 GC heap before
{Heap before GC invocations=9 (full 1):
 PSYoungGen      total 27648K, used 22562K [0x00000000e6100000, 0x00000000e9080000, 0x0000000100000000)
  eden space 20480K, 100% used [0x00000000e6100000,0x00000000e7500000,0x00000000e7500000)
  from space 7168K, 29% used [0x00000000e7500000,0x00000000e7708a30,0x00000000e7c00000)
  to   space 7168K, 0% used [0x00000000e8980000,0x00000000e8980000,0x00000000e9080000)
 ParOldGen       total 37888K, used 7598K [0x00000000b2200000, 0x00000000b4700000, 0x00000000e6100000)
  object space 37888K, 20% used [0x00000000b2200000,0x00000000b296bbb0,0x00000000b4700000)
 Metaspace       used 25081K, capacity 25270K, committed 25344K, reserved 1071104K
  class space    used 3226K, capacity 3292K, committed 3328K, reserved 1048576K
Event: 28.439 GC heap after
Heap after GC invocations=9 (full 1):
 PSYoungGen      total 41472K, used 2200K [0x00000000e6100000, 0x00000000e9080000, 0x0000000100000000)
  eden space 34304K, 0% used [0x00000000e6100000,0x00000000e6100000,0x00000000e8280000)
  from space 7168K, 30% used [0x00000000e8980000,0x00000000e8ba6288,0x00000000e9080000)
  to   space 7168K, 0% used [0x00000000e8280000,0x00000000e8280000,0x00000000e8980000)
 ParOldGen       total 37888K, used 7606K [0x00000000b2200000, 0x00000000b4700000, 0x00000000e6100000)
  object space 37888K, 20% used [0x00000000b2200000,0x00000000b296dbb0,0x00000000b4700000)
 Metaspace       used 25081K, capacity 25270K, committed 25344K, reserved 1071104K
  class space    used 3226K, capacity 3292K, committed 3328K, reserved 1048576K
}

